<?xml version="1.0" encoding="UTF-8"?>
<testsuite name="net.kenix.cleanarch.demo.domain.ProductSpec" tests="1" skipped="0" failures="0" errors="0" timestamp="2017-06-16T21:39:14" hostname="delos" time="0.088">
  <properties/>
  <testcase name="product access" classname="net.kenix.cleanarch.demo.domain.ProductSpec" time="0.088"/>
  <system-out><![CDATA[]]></system-out>
  <system-err><![CDATA[]]></system-err>
</testsuite>
